Using pre-set license
Built from '2021.3/staging' branch; Version is '2021.3.6f1 (7da38d85baf6) revision 8233869'; Using compiler version '192829333'; Build Type 'Release'
OS: 'Windows 10  (10.0.19044) 64bit Enterprise' Language: 'en' Physical Memory: 32509 MB
BatchMode: 1, IsHumanControllingUs: 0, StartBugReporterOnCrash: 0, Is64bit: 1, IsPro: 1

COMMAND LINE ARGUMENTS:
C:\Program Files\Unity\Hub\Editor\2021.3.6f1\Editor\Unity.exe
-adb2
-batchMode
-noUpm
-name
AssetImportWorker0
-projectPath
D:/Profiles/abg9806/source/repos/IGME_219/Milestone 4
-logFile
Logs/AssetImportWorker0.log
-srvPort
64321
Successfully changed project path to: D:/Profiles/abg9806/source/repos/IGME_219/Milestone 4
D:/Profiles/abg9806/source/repos/IGME_219/Milestone 4
[UnityMemory] Configuration Parameters - Can be set up in boot.config
    "memorysetup-bucket-allocator-granularity=16"
    "memorysetup-bucket-allocator-bucket-count=8"
    "memorysetup-bucket-allocator-block-size=33554432"
    "memorysetup-bucket-allocator-block-count=8"
    "memorysetup-main-allocator-block-size=16777216"
    "memorysetup-thread-allocator-block-size=16777216"
    "memorysetup-gfx-main-allocator-block-size=16777216"
    "memorysetup-gfx-thread-allocator-block-size=16777216"
    "memorysetup-cache-allocator-block-size=4194304"
    "memorysetup-typetree-allocator-block-size=2097152"
    "memorysetup-profiler-bucket-allocator-granularity=16"
    "memorysetup-profiler-bucket-allocator-bucket-count=8"
    "memorysetup-profiler-bucket-allocator-block-size=33554432"
    "memorysetup-profiler-bucket-allocator-block-count=8"
    "memorysetup-profiler-allocator-block-size=16777216"
    "memorysetup-profiler-editor-allocator-block-size=1048576"
    "memorysetup-temp-allocator-size-main=16777216"
    "memorysetup-job-temp-allocator-block-size=2097152"
    "memorysetup-job-temp-allocator-block-size-background=1048576"
    "memorysetup-job-temp-allocator-reduction-small-platforms=262144"
    "memorysetup-temp-allocator-size-background-worker=32768"
    "memorysetup-temp-allocator-size-job-worker=262144"
    "memorysetup-temp-allocator-size-preload-manager=33554432"
    "memorysetup-temp-allocator-size-nav-mesh-worker=65536"
    "memorysetup-temp-allocator-size-audio-worker=65536"
    "memorysetup-temp-allocator-size-cloud-worker=32768"
    "memorysetup-temp-allocator-size-gi-baking-worker=262144"
    "memorysetup-temp-allocator-size-gfx=262144"
Refreshing native plugins compatible for Editor in 89.90 ms, found 3 plugins.
Preloading 0 native plugins for Editor in 0.00 ms.
Initialize engine version: 2021.3.6f1 (7da38d85baf6)
[Subsystems] Discovering subsystems at path C:/Program Files/Unity/Hub/Editor/2021.3.6f1/Editor/Data/Resources/UnitySubsystems
[Subsystems] Discovering subsystems at path D:/Profiles/abg9806/source/repos/IGME_219/Milestone 4/Assets
GfxDevice: creating device client; threaded=0; jobified=0
Direct3D:
    Version:  Direct3D 11.0 [level 11.1]
    Renderer: NVIDIA GeForce RTX 3060 (ID=0x2504)
    Vendor:   NVIDIA
    VRAM:     12142 MB
    Driver:   31.0.15.1659
Initialize mono
Mono path[0] = 'C:/Program Files/Unity/Hub/Editor/2021.3.6f1/Editor/Data/Managed'
Mono path[1] = 'C:/Program Files/Unity/Hub/Editor/2021.3.6f1/Editor/Data/MonoBleedingEdge/lib/mono/unityjit-win32'
Mono config path = 'C:/Program Files/Unity/Hub/Editor/2021.3.6f1/Editor/Data/MonoBleedingEdge/etc'
Using monoOptions --debugger-agent=transport=dt_socket,embedding=1,server=y,suspend=n,address=127.0.0.1:56916
Begin MonoManager ReloadAssembly
Registering precompiled unity dll's ...
Register platform support module: C:/Program Files/Unity/Hub/Editor/2021.3.6f1/Editor/Data/PlaybackEngines/WebGLSupport/UnityEditor.WebGL.Extensions.dll
Register platform support module: C:/Program Files/Unity/Hub/Editor/2021.3.6f1/Editor/Data/PlaybackEngines/AndroidPlayer/UnityEditor.Android.Extensions.dll
Register platform support module: C:/Program Files/Unity/Hub/Editor/2021.3.6f1/Editor/Data/PlaybackEngines/iOSSupport/UnityEditor.iOS.Extensions.dll
Register platform support module: C:/Program Files/Unity/Hub/Editor/2021.3.6f1/Editor/Data/PlaybackEngines/WindowsStandaloneSupport/UnityEditor.WindowsStandalone.Extensions.dll
Registered in 0.006563 seconds.
Native extension for WindowsStandalone target not found
Native extension for iOS target not found
Native extension for Android target not found
Native extension for WebGL target not found
Refreshing native plugins compatible for Editor in 90.29 ms, found 3 plugins.
Preloading 0 native plugins for Editor in 0.00 ms.
Mono: successfully reloaded assembly
- Completed reload, in  0.606 seconds
Domain Reload Profiling:
	ReloadAssembly (606ms)
		BeginReloadAssembly (38ms)
			ExecutionOrderSort (0ms)
			DisableScriptedObjects (0ms)
			BackupInstance (0ms)
			ReleaseScriptingObjects (0ms)
			CreateAndSetChildDomain (0ms)
		EndReloadAssembly (469ms)
			LoadAssemblies (38ms)
			RebuildTransferFunctionScriptingTraits (0ms)
			SetupTypeCache (104ms)
			ReleaseScriptCaches (0ms)
			RebuildScriptCaches (26ms)
			SetupLoadedEditorAssemblies (290ms)
				LogAssemblyErrors (0ms)
				InitializePlatformSupportModulesInManaged (64ms)
				SetLoadedEditorAssemblies (0ms)
				RefreshPlugins (90ms)
				BeforeProcessingInitializeOnLoad (1ms)
				ProcessInitializeOnLoadAttributes (92ms)
				ProcessInitializeOnLoadMethodAttributes (42ms)
				AfterProcessingInitializeOnLoad (0ms)
				EditorAssembliesLoaded (0ms)
			ExecutionOrderSort2 (0ms)
			AwakeInstancesAfterBackupRestoration (0ms)
Platform modules already initialized, skipping
Registering precompiled user dll's ...
Registered in 0.003553 seconds.
Begin MonoManager ReloadAssembly
Native extension for WindowsStandalone target not found
Native extension for iOS target not found
Native extension for Android target not found
Native extension for WebGL target not found
Refreshing native plugins compatible for Editor in 0.56 ms, found 3 plugins.
Preloading 0 native plugins for Editor in 0.00 ms.
Mono: successfully reloaded assembly
- Completed reload, in  1.107 seconds
Domain Reload Profiling:
	ReloadAssembly (1108ms)
		BeginReloadAssembly (191ms)
			ExecutionOrderSort (0ms)
			DisableScriptedObjects (7ms)
			BackupInstance (0ms)
			ReleaseScriptingObjects (0ms)
			CreateAndSetChildDomain (129ms)
		EndReloadAssembly (809ms)
			LoadAssemblies (51ms)
			RebuildTransferFunctionScriptingTraits (0ms)
			SetupTypeCache (249ms)
			ReleaseScriptCaches (0ms)
			RebuildScriptCaches (55ms)
			SetupLoadedEditorAssemblies (382ms)
				LogAssemblyErrors (0ms)
				InitializePlatformSupportModulesInManaged (25ms)
				SetLoadedEditorAssemblies (0ms)
				RefreshPlugins (1ms)
				BeforeProcessingInitializeOnLoad (94ms)
				ProcessInitializeOnLoadAttributes (231ms)
				ProcessInitializeOnLoadMethodAttributes (26ms)
				AfterProcessingInitializeOnLoad (5ms)
				EditorAssembliesLoaded (0ms)
			ExecutionOrderSort2 (0ms)
			AwakeInstancesAfterBackupRestoration (5ms)
Platform modules already initialized, skipping
========================================================================
Worker process is ready to serve import requests
Launched and connected shader compiler UnityShaderCompiler.exe after 0.03 seconds
Refreshing native plugins compatible for Editor in 0.34 ms, found 3 plugins.
Preloading 0 native plugins for Editor in 0.00 ms.
Unloading 3497 Unused Serialized files (Serialized files now loaded: 0)
Unloading 29 unused Assets / (466.1 KB). Loaded Objects now: 3973.
Memory consumption went from 141.7 MB to 141.3 MB.
Total: 2.095300 ms (FindLiveObjects: 0.137500 ms CreateObjectMapping: 0.058400 ms MarkObjects: 1.663400 ms  DeleteObjects: 0.235300 ms)

AssetImportParameters requested are different than current active one (requested -> active):
  custom:video-decoder-ogg-theora: a1e56fd34408186e4bbccfd4996cb3dc -> 
  custom:container-muxer-webm: aa71ff27fc2769a1b78a27578f13a17b -> 
  custom:container-demuxer-webm: 4f35f7cbe854078d1ac9338744f61a02 -> 
  custom:video-encoder-webm-vp8: eb34c28f22e8b96e1ab97ce403110664 -> 
  custom:audio-encoder-webm-vorbis: bf7c407c2cedff20999df2af8eb42d56 -> 
  custom:framework-win-MediaFoundation: 216162199b28c13a410421893ffa2e32 -> 
  custom:container-demuxer-ogg: 62fdf1f143b41e24485cea50d1cbac27 -> 
  custom:video-decoder-webm-vp8: 9c59270c3fd7afecdb556c50c9e8de78 -> 
  custom:audio-decoder-ogg-vorbis: bf7c407c2cedff20999df2af8eb42d56 -> 
========================================================================
Received Import Request.
  Time since last request: 38826.305766 seconds.
  path: Assets/Materials/Pillar.mat
  artifactKey: Guid(fb11a77c2db537f4d81782eae16d4ce7) Importer(815301076,1909f56bfc062723c751e8b465ee728b)
Start importing Assets/Materials/Pillar.mat using Guid(fb11a77c2db537f4d81782eae16d4ce7) Importer(815301076,1909f56bfc062723c751e8b465ee728b)  -> (artifact id: '0b04bee8c98d5b6e2bccb5e923054557') in 0.099781 seconds 
========================================================================
Received Import Request.
  Time since last request: 3.133617 seconds.
  path: Assets/Textures/Column
  artifactKey: Guid(a0fe062b52c656240ace39cbf2180154) Importer(815301076,1909f56bfc062723c751e8b465ee728b)
Start importing Assets/Textures/Column using Guid(a0fe062b52c656240ace39cbf2180154) Importer(815301076,1909f56bfc062723c751e8b465ee728b)  -> (artifact id: '177ff3a264b3664cf3303b952a706cc4') in 0.004297 seconds 
========================================================================
Received Import Request.
  Time since last request: 22.095154 seconds.
  path: Assets/Textures/Column/Collumn_lambert1_MetallicSmoothness.png
  artifactKey: Guid(3d495fc512a475b46bdb7016d5f663f9) Importer(815301076,1909f56bfc062723c751e8b465ee728b)
Start importing Assets/Textures/Column/Collumn_lambert1_MetallicSmoothness.png using Guid(3d495fc512a475b46bdb7016d5f663f9) Importer(815301076,1909f56bfc062723c751e8b465ee728b)  -> (artifact id: '4d360d14aef0ba653ac4dc6231a87658') in 0.052934 seconds 
========================================================================
Received Import Request.
  Time since last request: 9.875630 seconds.
  path: Assets/Textures/Column/Collumn_lambert1_Normal.png
  artifactKey: Guid(c8ece116aa4f2e14b98a744dc461a467) Importer(815301076,1909f56bfc062723c751e8b465ee728b)
Start importing Assets/Textures/Column/Collumn_lambert1_Normal.png using Guid(c8ece116aa4f2e14b98a744dc461a467) Importer(815301076,1909f56bfc062723c751e8b465ee728b)  -> (artifact id: '226d932cbbdacdfd630dc60a655bb82c') in 0.029981 seconds 
========================================================================
Received Import Request.
  Time since last request: 126.965821 seconds.
  path: Assets/Textures/Bunk
  artifactKey: Guid(2c821917ceb89214ba80fb873f4039f6) Importer(815301076,1909f56bfc062723c751e8b465ee728b)
Start importing Assets/Textures/Bunk using Guid(2c821917ceb89214ba80fb873f4039f6) Importer(815301076,1909f56bfc062723c751e8b465ee728b)  -> (artifact id: '67f700171f37ce2374bd003b5d32bf9b') in 0.004962 seconds 
========================================================================
Received Import Request.
  Time since last request: 9.056822 seconds.
  path: Assets/Textures/Bunk/Bunk_blinn1_MetallicSmoothness.png
  artifactKey: Guid(56964a9e72cf0d940b9b80ce8a32f454) Importer(815301076,1909f56bfc062723c751e8b465ee728b)
Start importing Assets/Textures/Bunk/Bunk_blinn1_MetallicSmoothness.png using Guid(56964a9e72cf0d940b9b80ce8a32f454) Importer(815301076,1909f56bfc062723c751e8b465ee728b)  -> (artifact id: '4d7db5920e22c9b46eef3f5d390a79f5') in 0.023718 seconds 
========================================================================
Received Import Request.
  Time since last request: 3.543034 seconds.
  path: Assets/Textures/Bunk/Bunk_blinn1_Normal.png
  artifactKey: Guid(48953a5c81bc9da4fa8f95bf36d2df2d) Importer(815301076,1909f56bfc062723c751e8b465ee728b)
Start importing Assets/Textures/Bunk/Bunk_blinn1_Normal.png using Guid(48953a5c81bc9da4fa8f95bf36d2df2d) Importer(815301076,1909f56bfc062723c751e8b465ee728b)  -> (artifact id: '69b5a9d380a2545dff2a79355bb24fa9') in 0.036703 seconds 
========================================================================
Received Import Request.
  Time since last request: 6.171677 seconds.
  path: Assets/Textures/Stool
  artifactKey: Guid(ba683f152c53d844eb6b19b7f6ac106c) Importer(815301076,1909f56bfc062723c751e8b465ee728b)
Start importing Assets/Textures/Stool using Guid(ba683f152c53d844eb6b19b7f6ac106c) Importer(815301076,1909f56bfc062723c751e8b465ee728b)  -> (artifact id: '0f384cd857921076a51f11b594f02a0b') in 0.004851 seconds 
========================================================================
Received Import Request.
  Time since last request: 8.795620 seconds.
  path: Assets/Textures/Stool/Stool_lambert1_MetallicSmoothness.png
  artifactKey: Guid(0c82ed8ebe224ef4283ccf3db0f97a1f) Importer(815301076,1909f56bfc062723c751e8b465ee728b)
Start importing Assets/Textures/Stool/Stool_lambert1_MetallicSmoothness.png using Guid(0c82ed8ebe224ef4283ccf3db0f97a1f) Importer(815301076,1909f56bfc062723c751e8b465ee728b)  -> (artifact id: '955dc513a5bdd0533f85bed325c516f2') in 0.031313 seconds 
========================================================================
Received Import Request.
  Time since last request: 4.565554 seconds.
  path: Assets/Textures/Stool/Stool_lambert1_Normal.png
  artifactKey: Guid(5206bc1f12558c04e8d4828f9e6f3e8e) Importer(815301076,1909f56bfc062723c751e8b465ee728b)
Start importing Assets/Textures/Stool/Stool_lambert1_Normal.png using Guid(5206bc1f12558c04e8d4828f9e6f3e8e) Importer(815301076,1909f56bfc062723c751e8b465ee728b)  -> (artifact id: 'c0d76ec30fe5198a41379f7fffa79791') in 0.017211 seconds 
========================================================================
Received Import Request.
  Time since last request: 4.120157 seconds.
  path: Assets/Textures/Bunker
  artifactKey: Guid(796ed279e1f3d6d42801a72786adc760) Importer(815301076,1909f56bfc062723c751e8b465ee728b)
Start importing Assets/Textures/Bunker using Guid(796ed279e1f3d6d42801a72786adc760) Importer(815301076,1909f56bfc062723c751e8b465ee728b)  -> (artifact id: '14f82f87362309fbfcf5eecc7b01fd62') in 0.004991 seconds 
========================================================================
Received Import Request.
  Time since last request: 0.775783 seconds.
  path: Assets/Textures/Bunker/Inner
  artifactKey: Guid(c346b3c19decd194ea093f1a249ab77a) Importer(815301076,1909f56bfc062723c751e8b465ee728b)
Start importing Assets/Textures/Bunker/Inner using Guid(c346b3c19decd194ea093f1a249ab77a) Importer(815301076,1909f56bfc062723c751e8b465ee728b)  -> (artifact id: 'd0776a546f17fb5166089c5c43d5f83a') in 0.005476 seconds 
========================================================================
Received Import Request.
  Time since last request: 5.893957 seconds.
  path: Assets/Textures/Bunker/Inner/Greybox_blinn4_MetallicSmoothness.png
  artifactKey: Guid(0e77b8cb63354f844beee726ecc47b73) Importer(815301076,1909f56bfc062723c751e8b465ee728b)
Start importing Assets/Textures/Bunker/Inner/Greybox_blinn4_MetallicSmoothness.png using Guid(0e77b8cb63354f844beee726ecc47b73) Importer(815301076,1909f56bfc062723c751e8b465ee728b)  -> (artifact id: 'bb74f305d6d640068750b9c8056948ad') in 0.022033 seconds 
========================================================================
Received Import Request.
  Time since last request: 3.921618 seconds.
  path: Assets/Textures/Bunker/Inner/Greybox_blinn4_Normal.png
  artifactKey: Guid(b419dafefcdc23b43ad017e35d31e94b) Importer(815301076,1909f56bfc062723c751e8b465ee728b)
Start importing Assets/Textures/Bunker/Inner/Greybox_blinn4_Normal.png using Guid(b419dafefcdc23b43ad017e35d31e94b) Importer(815301076,1909f56bfc062723c751e8b465ee728b)  -> (artifact id: '5e13ab5b3a3fdf11ea7e7421db8727b6') in 0.035828 seconds 
========================================================================
Received Import Request.
  Time since last request: 2.250710 seconds.
  path: Assets/Textures/Bunker/Outer
  artifactKey: Guid(a6cba8e007d3b8c459d3fcfcfad8f31f) Importer(815301076,1909f56bfc062723c751e8b465ee728b)
Start importing Assets/Textures/Bunker/Outer using Guid(a6cba8e007d3b8c459d3fcfcfad8f31f) Importer(815301076,1909f56bfc062723c751e8b465ee728b)  -> (artifact id: 'e46a7441e0f142cfde673d3880efb855') in 0.005259 seconds 
========================================================================
Received Import Request.
  Time since last request: 9.643760 seconds.
  path: Assets/Textures/Bunker/Outer/Greybox_blinn3_MetallicSmoothness.png
  artifactKey: Guid(03ef271dcfa8fe74196f859a84791334) Importer(815301076,1909f56bfc062723c751e8b465ee728b)
Start importing Assets/Textures/Bunker/Outer/Greybox_blinn3_MetallicSmoothness.png using Guid(03ef271dcfa8fe74196f859a84791334) Importer(815301076,1909f56bfc062723c751e8b465ee728b)  -> (artifact id: '66a6e56a94f1e8dc27460b779f0bc7ea') in 0.013123 seconds 
========================================================================
Received Import Request.
  Time since last request: 7.164573 seconds.
  path: Assets/Textures/Bunker/Outer/Greybox_blinn3_Normal.png
  artifactKey: Guid(5209a95b93bb379458ac336c0fa9c659) Importer(815301076,1909f56bfc062723c751e8b465ee728b)
Start importing Assets/Textures/Bunker/Outer/Greybox_blinn3_Normal.png using Guid(5209a95b93bb379458ac336c0fa9c659) Importer(815301076,1909f56bfc062723c751e8b465ee728b)  -> (artifact id: '616ed209f3edf791fe68bb35e778f8cf') in 0.010619 seconds 
========================================================================
Received Import Request.
  Time since last request: 17.417787 seconds.
  path: Assets/Materials/Bunk.mat
  artifactKey: Guid(c65607297b09fb54d9ee089f9670a54c) Importer(815301076,1909f56bfc062723c751e8b465ee728b)
Start importing Assets/Materials/Bunk.mat using Guid(c65607297b09fb54d9ee089f9670a54c) Importer(815301076,1909f56bfc062723c751e8b465ee728b)  -> (artifact id: 'e6a200a2f32c6e3486f5557961e99e7a') in 0.018464 seconds 
========================================================================
Received Import Request.
  Time since last request: 151.090981 seconds.
  path: Assets/Materials/InnerShell.mat
  artifactKey: Guid(0f706b7a7bb19624886adff79a4c4b28) Importer(815301076,1909f56bfc062723c751e8b465ee728b)
Start importing Assets/Materials/InnerShell.mat using Guid(0f706b7a7bb19624886adff79a4c4b28) Importer(815301076,1909f56bfc062723c751e8b465ee728b)  -> (artifact id: 'efc2fbe8c6edb3334dfe668742446ad5') in 0.018288 seconds 
========================================================================
Received Import Request.
  Time since last request: 205.522172 seconds.
  path: Assets/Materials/InnerShell 1.mat
  artifactKey: Guid(369e4fb4ad09a6041968578f5a14ca3a) Importer(815301076,1909f56bfc062723c751e8b465ee728b)
Start importing Assets/Materials/InnerShell 1.mat using Guid(369e4fb4ad09a6041968578f5a14ca3a) Importer(815301076,1909f56bfc062723c751e8b465ee728b)  -> (artifact id: '6b4dd80ecd4cb15204c674df03d6863f') in 0.011145 seconds 
========================================================================
Received Import Request.
  Time since last request: 72.476961 seconds.
  path: Assets/Materials/OuterShell.mat
  artifactKey: Guid(369e4fb4ad09a6041968578f5a14ca3a) Importer(815301076,1909f56bfc062723c751e8b465ee728b)
Start importing Assets/Materials/OuterShell.mat using Guid(369e4fb4ad09a6041968578f5a14ca3a) Importer(815301076,1909f56bfc062723c751e8b465ee728b)  -> (artifact id: 'abfe7185602b9b589e13296e4f249c0e') in 0.049372 seconds 
========================================================================
Received Import Request.
  Time since last request: 119.044021 seconds.
  path: Assets/Materials/Stool.mat
  artifactKey: Guid(6fa372d3cd7926a48821c0e271ce1f15) Importer(815301076,1909f56bfc062723c751e8b465ee728b)
Start importing Assets/Materials/Stool.mat using Guid(6fa372d3cd7926a48821c0e271ce1f15) Importer(815301076,1909f56bfc062723c751e8b465ee728b)  -> (artifact id: '51ee1ded3f80824775a2f74bff3cc534') in 0.017483 seconds 
========================================================================
Received Import Request.
  Time since last request: 153.242809 seconds.
  path: Assets/Textures/Stool/Stool.fbx
  artifactKey: Guid(0800ccc0692246f459375b7cb56decd2) Importer(815301076,1909f56bfc062723c751e8b465ee728b)
Start importing Assets/Textures/Stool/Stool.fbx using Guid(0800ccc0692246f459375b7cb56decd2) Importer(815301076,1909f56bfc062723c751e8b465ee728b)  -> (artifact id: '9a12a560e036313e2bcd9013901ad48d') in 0.105550 seconds 
========================================================================
Received Prepare
Registering precompiled user dll's ...
Registered in 0.003520 seconds.
Begin MonoManager ReloadAssembly
Native extension for WindowsStandalone target not found
Native extension for iOS target not found
Native extension for Android target not found
Native extension for WebGL target not found
Refreshing native plugins compatible for Editor in 0.60 ms, found 3 plugins.
Preloading 0 native plugins for Editor in 0.00 ms.
Mono: successfully reloaded assembly
- Completed reload, in  0.967 seconds
Domain Reload Profiling:
	ReloadAssembly (968ms)
		BeginReloadAssembly (121ms)
			ExecutionOrderSort (0ms)
			DisableScriptedObjects (4ms)
			BackupInstance (0ms)
			ReleaseScriptingObjects (0ms)
			CreateAndSetChildDomain (30ms)
		EndReloadAssembly (754ms)
			LoadAssemblies (74ms)
			RebuildTransferFunctionScriptingTraits (0ms)
			SetupTypeCache (253ms)
			ReleaseScriptCaches (1ms)
			RebuildScriptCaches (45ms)
			SetupLoadedEditorAssemblies (341ms)
				LogAssemblyErrors (0ms)
				InitializePlatformSupportModulesInManaged (34ms)
				SetLoadedEditorAssemblies (1ms)
				RefreshPlugins (1ms)
				BeforeProcessingInitializeOnLoad (70ms)
				ProcessInitializeOnLoadAttributes (200ms)
				ProcessInitializeOnLoadMethodAttributes (27ms)
				AfterProcessingInitializeOnLoad (8ms)
				EditorAssembliesLoaded (0ms)
			ExecutionOrderSort2 (0ms)
			AwakeInstancesAfterBackupRestoration (6ms)
Platform modules already initialized, skipping
Refreshing native plugins compatible for Editor in 1.53 ms, found 3 plugins.
Preloading 0 native plugins for Editor in 0.00 ms.
Unloading 3473 Unused Serialized files (Serialized files now loaded: 0)
Unloading 22 unused Assets / (457.7 KB). Loaded Objects now: 4021.
Memory consumption went from 144.6 MB to 144.1 MB.
Total: 2.797800 ms (FindLiveObjects: 0.304600 ms CreateObjectMapping: 0.083500 ms MarkObjects: 2.181200 ms  DeleteObjects: 0.227600 ms)

AssetImportParameters requested are different than current active one (requested -> active):
  custom:video-decoder-ogg-theora: a1e56fd34408186e4bbccfd4996cb3dc -> 
  custom:container-muxer-webm: aa71ff27fc2769a1b78a27578f13a17b -> 
  custom:container-demuxer-webm: 4f35f7cbe854078d1ac9338744f61a02 -> 
  custom:video-encoder-webm-vp8: eb34c28f22e8b96e1ab97ce403110664 -> 
  custom:audio-encoder-webm-vorbis: bf7c407c2cedff20999df2af8eb42d56 -> 
  custom:framework-win-MediaFoundation: 216162199b28c13a410421893ffa2e32 -> 
  custom:container-demuxer-ogg: 62fdf1f143b41e24485cea50d1cbac27 -> 
  custom:video-decoder-webm-vp8: 9c59270c3fd7afecdb556c50c9e8de78 -> 
  custom:audio-decoder-ogg-vorbis: bf7c407c2cedff20999df2af8eb42d56 -> 
========================================================================
Received Prepare
Registering precompiled user dll's ...
Registered in 0.004107 seconds.
Begin MonoManager ReloadAssembly
Native extension for WindowsStandalone target not found
Native extension for iOS target not found
Native extension for Android target not found
Native extension for WebGL target not found
Refreshing native plugins compatible for Editor in 0.53 ms, found 3 plugins.
Preloading 0 native plugins for Editor in 0.00 ms.
Mono: successfully reloaded assembly
- Completed reload, in  1.005 seconds
Domain Reload Profiling:
	ReloadAssembly (1006ms)
		BeginReloadAssembly (124ms)
			ExecutionOrderSort (0ms)
			DisableScriptedObjects (5ms)
			BackupInstance (0ms)
			ReleaseScriptingObjects (0ms)
			CreateAndSetChildDomain (30ms)
		EndReloadAssembly (786ms)
			LoadAssemblies (82ms)
			RebuildTransferFunctionScriptingTraits (0ms)
			SetupTypeCache (257ms)
			ReleaseScriptCaches (1ms)
			RebuildScriptCaches (44ms)
			SetupLoadedEditorAssemblies (353ms)
				LogAssemblyErrors (0ms)
				InitializePlatformSupportModulesInManaged (33ms)
				SetLoadedEditorAssemblies (0ms)
				RefreshPlugins (1ms)
				BeforeProcessingInitializeOnLoad (70ms)
				ProcessInitializeOnLoadAttributes (213ms)
				ProcessInitializeOnLoadMethodAttributes (28ms)
				AfterProcessingInitializeOnLoad (6ms)
				EditorAssembliesLoaded (0ms)
			ExecutionOrderSort2 (0ms)
			AwakeInstancesAfterBackupRestoration (6ms)
Platform modules already initialized, skipping
Refreshing native plugins compatible for Editor in 1.58 ms, found 3 plugins.
Preloading 0 native plugins for Editor in 0.00 ms.
Unloading 3473 Unused Serialized files (Serialized files now loaded: 0)
Unloading 22 unused Assets / (435.1 KB). Loaded Objects now: 4024.
Memory consumption went from 144.5 MB to 144.1 MB.
Total: 2.823400 ms (FindLiveObjects: 0.332400 ms CreateObjectMapping: 0.079800 ms MarkObjects: 2.180400 ms  DeleteObjects: 0.229900 ms)

AssetImportParameters requested are different than current active one (requested -> active):
  custom:video-decoder-ogg-theora: a1e56fd34408186e4bbccfd4996cb3dc -> 
  custom:container-muxer-webm: aa71ff27fc2769a1b78a27578f13a17b -> 
  custom:container-demuxer-webm: 4f35f7cbe854078d1ac9338744f61a02 -> 
  custom:video-encoder-webm-vp8: eb34c28f22e8b96e1ab97ce403110664 -> 
  custom:audio-encoder-webm-vorbis: bf7c407c2cedff20999df2af8eb42d56 -> 
  custom:framework-win-MediaFoundation: 216162199b28c13a410421893ffa2e32 -> 
  custom:container-demuxer-ogg: 62fdf1f143b41e24485cea50d1cbac27 -> 
  custom:video-decoder-webm-vp8: 9c59270c3fd7afecdb556c50c9e8de78 -> 
  custom:audio-decoder-ogg-vorbis: bf7c407c2cedff20999df2af8eb42d56 -> 
========================================================================
Received Prepare
Refreshing native plugins compatible for Editor in 3.38 ms, found 3 plugins.
Preloading 0 native plugins for Editor in 0.00 ms.
Unloading 22 Unused Serialized files (Serialized files now loaded: 0)
Unloading 22 unused Assets / (432.5 KB). Loaded Objects now: 4024.
Memory consumption went from 75.5 MB to 75.1 MB.
Total: 2.927000 ms (FindLiveObjects: 0.354100 ms CreateObjectMapping: 0.086000 ms MarkObjects: 2.245100 ms  DeleteObjects: 0.241200 ms)

AssetImportParameters requested are different than current active one (requested -> active):
  custom:video-decoder-ogg-theora: a1e56fd34408186e4bbccfd4996cb3dc -> 
  custom:container-muxer-webm: aa71ff27fc2769a1b78a27578f13a17b -> 
  custom:container-demuxer-webm: 4f35f7cbe854078d1ac9338744f61a02 -> 
  custom:video-encoder-webm-vp8: eb34c28f22e8b96e1ab97ce403110664 -> 
  custom:audio-encoder-webm-vorbis: bf7c407c2cedff20999df2af8eb42d56 -> 
  custom:framework-win-MediaFoundation: 216162199b28c13a410421893ffa2e32 -> 
  custom:container-demuxer-ogg: 62fdf1f143b41e24485cea50d1cbac27 -> 
  custom:video-decoder-webm-vp8: 9c59270c3fd7afecdb556c50c9e8de78 -> 
  custom:audio-decoder-ogg-vorbis: bf7c407c2cedff20999df2af8eb42d56 -> 
========================================================================
Received Import Request.
  Time since last request: 396.832920 seconds.
  path: Assets/Materials/Bunk.mat
  artifactKey: Guid(c65607297b09fb54d9ee089f9670a54c) Importer(815301076,1909f56bfc062723c751e8b465ee728b)
Start importing Assets/Materials/Bunk.mat using Guid(c65607297b09fb54d9ee089f9670a54c) Importer(815301076,1909f56bfc062723c751e8b465ee728b)  -> (artifact id: '22956c08d7a2929bf92a9a8e0f4e5959') in 0.121392 seconds 
========================================================================
Received Import Request.
  Time since last request: 0.000021 seconds.
  path: Assets/Materials/Stool.mat
  artifactKey: Guid(6fa372d3cd7926a48821c0e271ce1f15) Importer(815301076,1909f56bfc062723c751e8b465ee728b)
Start importing Assets/Materials/Stool.mat using Guid(6fa372d3cd7926a48821c0e271ce1f15) Importer(815301076,1909f56bfc062723c751e8b465ee728b)  -> (artifact id: '96f57a8e813c4f48573c745dda4ec64f') in 0.037534 seconds 
========================================================================
Received Import Request.
  Time since last request: 0.000020 seconds.
  path: Assets/Materials/Pillar.mat
  artifactKey: Guid(fb11a77c2db537f4d81782eae16d4ce7) Importer(815301076,1909f56bfc062723c751e8b465ee728b)
Start importing Assets/Materials/Pillar.mat using Guid(fb11a77c2db537f4d81782eae16d4ce7) Importer(815301076,1909f56bfc062723c751e8b465ee728b)  -> (artifact id: '19ed4667f4c660465b5c2ffbec7ac849') in 0.027257 seconds 
